[2014-04-21 08:53:52,925][INFO ][node                     ] [Virako] version[1.1.1], pid[14185], build[f1585f0/2014-04-16T14:27:12Z]
[2014-04-21 08:53:52,926][INFO ][node                     ] [Virako] initializing ...
[2014-04-21 08:53:52,956][INFO ][plugins                  ] [Virako] loaded [jetty], sites []
[2014-04-21 08:53:54,782][INFO ][node                     ] [Virako] initialized
[2014-04-21 08:53:54,783][INFO ][node                     ] [Virako] starting ...
[2014-04-21 08:53:54,852][INFO ][node                     ] [Virako] stopping ...
[2014-04-21 08:53:54,854][INFO ][node                     ] [Virako] stopped
[2014-04-21 08:53:54,854][INFO ][node                     ] [Virako] closing ...
[2014-04-21 08:53:54,859][INFO ][node                     ] [Virako] closed
[2014-04-21 09:26:56,173][INFO ][node                     ] [Obituary] version[1.1.1], pid[15021], build[f1585f0/2014-04-16T14:27:12Z]
[2014-04-21 09:26:56,173][INFO ][node                     ] [Obituary] initializing ...
[2014-04-21 09:26:56,194][INFO ][plugins                  ] [Obituary] loaded [jetty], sites []
[2014-04-21 09:26:58,020][INFO ][node                     ] [Obituary] initialized
[2014-04-21 09:26:58,020][INFO ][node                     ] [Obituary] starting ...
[2014-04-21 09:26:58,091][INFO ][transport                ] [Obituary] bound_address {inet[/127.0.0.1:3307]}, publish_address {inet[/127.0.0.1:3307]}
[2014-04-21 09:27:01,111][INFO ][cluster.service          ] [Obituary] new_master [Obituary][aFh_y9DASp6fNkLy8-xeTg][Obelix][inet[/127.0.0.1:3307]], reason: zen-disco-join (elected_as_master)
[2014-04-21 09:27:01,135][INFO ][discovery                ] [Obituary] elasticsearch/aFh_y9DASp6fNkLy8-xeTg
[2014-04-21 09:27:01,195][INFO ][gateway                  ] [Obituary] recovered [0] indices into cluster_state
[2014-04-21 09:27:01,254][INFO ][org.eclipse.jetty.server.Server] [Obituary] jetty-8.1.14.v20131031
[2014-04-21 09:27:01,277][INFO ][org.eclipse.jetty.server.AbstractConnector] [Obituary] Started SelectChannelConnector@0.0.0.0:8080
[2014-04-21 09:27:01,277][INFO ][http                     ] [Obituary] bound_address {inet[/0:0:0:0:0:0:0:0:8080]}, publish_address {inet[/127.0.0.1:8080]}
[2014-04-21 09:27:01,279][INFO ][node                     ] [Obituary] started
[2014-04-21 09:28:58,888][INFO ][node                     ] [Obituary] stopping ...
[2014-04-21 09:28:58,980][INFO ][node                     ] [Obituary] stopped
[2014-04-21 09:28:58,985][INFO ][node                     ] [Obituary] closing ...
[2014-04-21 09:28:58,993][INFO ][node                     ] [Obituary] closed
[2014-04-21 09:41:56,411][INFO ][node                     ] [Grandmaster] version[1.1.1], pid[15400], build[f1585f0/2014-04-16T14:27:12Z]
[2014-04-21 09:41:56,412][INFO ][node                     ] [Grandmaster] initializing ...
[2014-04-21 09:41:56,432][INFO ][plugins                  ] [Grandmaster] loaded [jetty], sites []
[2014-04-21 09:41:58,247][INFO ][node                     ] [Grandmaster] initialized
[2014-04-21 09:41:58,247][INFO ][node                     ] [Grandmaster] starting ...
[2014-04-21 09:41:58,322][INFO ][transport                ] [Grandmaster] bound_address {inet[/127.0.0.1:3307]}, publish_address {inet[/127.0.0.1:3307]}
[2014-04-21 09:42:01,343][INFO ][cluster.service          ] [Grandmaster] new_master [Grandmaster][1hSZQ39wRRqsiSGeQNUoqA][Obelix][inet[/127.0.0.1:3307]], reason: zen-disco-join (elected_as_master)
[2014-04-21 09:42:01,370][INFO ][discovery                ] [Grandmaster] elasticsearch/1hSZQ39wRRqsiSGeQNUoqA
[2014-04-21 09:42:01,436][INFO ][gateway                  ] [Grandmaster] recovered [0] indices into cluster_state
[2014-04-21 09:42:01,507][INFO ][org.eclipse.jetty.server.Server] [Grandmaster] jetty-8.1.14.v20131031
[2014-04-21 09:42:01,536][INFO ][org.eclipse.jetty.server.AbstractConnector] [Grandmaster] Started SelectChannelConnector@0.0.0.0:8080
[2014-04-21 09:42:01,536][INFO ][http                     ] [Grandmaster] bound_address {inet[/0:0:0:0:0:0:0:0:8080]}, publish_address {inet[/127.0.0.1:8080]}
[2014-04-21 09:42:01,537][INFO ][node                     ] [Grandmaster] started
[2014-04-21 09:58:06,614][INFO ][node                     ] [Grandmaster] stopping ...
[2014-04-21 09:58:06,705][INFO ][node                     ] [Grandmaster] stopped
[2014-04-21 09:58:06,706][INFO ][node                     ] [Grandmaster] closing ...
[2014-04-21 09:58:06,712][INFO ][node                     ] [Grandmaster] closed
[2014-04-21 09:58:07,958][INFO ][node                     ] [Makkari] version[1.1.1], pid[16193], build[f1585f0/2014-04-16T14:27:12Z]
[2014-04-21 09:58:07,959][INFO ][node                     ] [Makkari] initializing ...
[2014-04-21 09:58:07,979][INFO ][plugins                  ] [Makkari] loaded [jetty], sites []
[2014-04-21 09:58:09,760][INFO ][node                     ] [Makkari] initialized
[2014-04-21 09:58:09,761][INFO ][node                     ] [Makkari] starting ...
[2014-04-21 09:58:09,833][INFO ][transport                ] [Makkari] bound_address {inet[/127.0.0.1:3307]}, publish_address {inet[/127.0.0.1:3307]}
[2014-04-21 09:58:12,853][INFO ][cluster.service          ] [Makkari] new_master [Makkari][XBSc-VDJQy-tKcDPB1NqWg][Obelix][inet[/127.0.0.1:3307]], reason: zen-disco-join (elected_as_master)
[2014-04-21 09:58:12,878][INFO ][discovery                ] [Makkari] elasticsearch/XBSc-VDJQy-tKcDPB1NqWg
[2014-04-21 09:58:12,938][INFO ][gateway                  ] [Makkari] recovered [0] indices into cluster_state
[2014-04-21 09:58:13,020][INFO ][org.eclipse.jetty.server.Server] [Makkari] jetty-8.1.14.v20131031
[2014-04-21 09:58:13,050][INFO ][org.eclipse.jetty.server.AbstractConnector] [Makkari] Started SelectChannelConnector@0.0.0.0:8080
[2014-04-21 09:58:13,050][INFO ][http                     ] [Makkari] bound_address {inet[/0:0:0:0:0:0:0:0:8080]}, publish_address {inet[/127.0.0.1:8080]}
[2014-04-21 09:58:13,052][INFO ][node                     ] [Makkari] started
[2014-04-21 09:59:24,158][INFO ][node                     ] [Makkari] stopping ...
[2014-04-21 09:59:24,251][INFO ][node                     ] [Makkari] stopped
[2014-04-21 09:59:24,251][INFO ][node                     ] [Makkari] closing ...
[2014-04-21 09:59:24,258][INFO ][node                     ] [Makkari] closed
[2014-04-21 09:59:25,072][INFO ][node                     ] [Machine Teen] version[1.1.1], pid[16270], build[f1585f0/2014-04-16T14:27:12Z]
[2014-04-21 09:59:25,072][INFO ][node                     ] [Machine Teen] initializing ...
[2014-04-21 09:59:25,093][INFO ][plugins                  ] [Machine Teen] loaded [jetty], sites []
[2014-04-21 09:59:26,877][INFO ][node                     ] [Machine Teen] initialized
[2014-04-21 09:59:26,877][INFO ][node                     ] [Machine Teen] starting ...
[2014-04-21 09:59:26,947][INFO ][transport                ] [Machine Teen] bound_address {inet[/127.0.0.1:3307]}, publish_address {inet[/127.0.0.1:3307]}
[2014-04-21 09:59:29,968][INFO ][cluster.service          ] [Machine Teen] new_master [Machine Teen][WLLpQVy5QieRZCa1PQdhgA][Obelix][inet[/127.0.0.1:3307]], reason: zen-disco-join (elected_as_master)
[2014-04-21 09:59:29,996][INFO ][discovery                ] [Machine Teen] elasticsearch/WLLpQVy5QieRZCa1PQdhgA
[2014-04-21 09:59:30,066][INFO ][gateway                  ] [Machine Teen] recovered [0] indices into cluster_state
[2014-04-21 09:59:30,137][INFO ][org.eclipse.jetty.server.Server] [Machine Teen] jetty-8.1.14.v20131031
[2014-04-21 09:59:30,180][INFO ][org.eclipse.jetty.server.AbstractConnector] [Machine Teen] Started SelectChannelConnector@0.0.0.0:8080
[2014-04-21 09:59:30,180][INFO ][http                     ] [Machine Teen] bound_address {inet[/0:0:0:0:0:0:0:0:8080]}, publish_address {inet[/127.0.0.1:8080]}
[2014-04-21 09:59:30,182][INFO ][node                     ] [Machine Teen] started
[2014-04-21 10:01:55,661][INFO ][node                     ] [Machine Teen] stopping ...
[2014-04-21 10:01:55,756][INFO ][node                     ] [Machine Teen] stopped
[2014-04-21 10:01:55,756][INFO ][node                     ] [Machine Teen] closing ...
[2014-04-21 10:01:55,764][INFO ][node                     ] [Machine Teen] closed
[2014-04-21 10:35:16,392][INFO ][node                     ] [Red Wolf] version[1.1.1], pid[17086], build[f1585f0/2014-04-16T14:27:12Z]
[2014-04-21 10:35:16,393][INFO ][node                     ] [Red Wolf] initializing ...
[2014-04-21 10:35:16,415][INFO ][plugins                  ] [Red Wolf] loaded [jetty], sites [head]
[2014-04-21 10:35:18,233][INFO ][node                     ] [Red Wolf] initialized
[2014-04-21 10:35:18,233][INFO ][node                     ] [Red Wolf] starting ...
[2014-04-21 10:35:18,319][INFO ][transport                ] [Red Wolf] bound_address {inet[/127.0.0.1:3307]}, publish_address {inet[/127.0.0.1:3307]}
[2014-04-21 10:35:21,338][INFO ][cluster.service          ] [Red Wolf] new_master [Red Wolf][XAJ8-Dd4Qha91LlOK3AKvg][Obelix][inet[/127.0.0.1:3307]], reason: zen-disco-join (elected_as_master)
[2014-04-21 10:35:21,360][INFO ][discovery                ] [Red Wolf] elasticsearch/XAJ8-Dd4Qha91LlOK3AKvg
[2014-04-21 10:35:21,418][INFO ][gateway                  ] [Red Wolf] recovered [0] indices into cluster_state
[2014-04-21 10:35:21,502][INFO ][org.eclipse.jetty.server.Server] [Red Wolf] jetty-8.1.14.v20131031
[2014-04-21 10:35:21,537][INFO ][org.eclipse.jetty.server.AbstractConnector] [Red Wolf] Started SelectChannelConnector@localhost:8080
[2014-04-21 10:35:21,537][INFO ][http                     ] [Red Wolf] bound_address {inet[/127.0.0.1:8080]}, publish_address {inet[localhost/127.0.0.1:8080]}
[2014-04-21 10:35:21,539][INFO ][node                     ] [Red Wolf] started
[2014-04-21 10:36:48,973][INFO ][node                     ] [Red Wolf] stopping ...
[2014-04-21 10:36:49,070][INFO ][node                     ] [Red Wolf] stopped
[2014-04-21 10:36:49,070][INFO ][node                     ] [Red Wolf] closing ...
[2014-04-21 10:36:49,075][INFO ][node                     ] [Red Wolf] closed
[2014-04-21 10:37:25,126][INFO ][node                     ] [Coachwhip] version[1.1.1], pid[17198], build[f1585f0/2014-04-16T14:27:12Z]
[2014-04-21 10:37:25,126][INFO ][node                     ] [Coachwhip] initializing ...
[2014-04-21 10:37:25,150][INFO ][plugins                  ] [Coachwhip] loaded [jetty], sites [bigdesk, head]
[2014-04-21 10:37:27,019][INFO ][node                     ] [Coachwhip] initialized
[2014-04-21 10:37:27,019][INFO ][node                     ] [Coachwhip] starting ...
[2014-04-21 10:37:27,095][INFO ][transport                ] [Coachwhip] bound_address {inet[/127.0.0.1:3307]}, publish_address {inet[/127.0.0.1:3307]}
[2014-04-21 10:37:30,116][INFO ][cluster.service          ] [Coachwhip] new_master [Coachwhip][29F3MZQTRGuZ5sWUFv00qg][Obelix][inet[/127.0.0.1:3307]], reason: zen-disco-join (elected_as_master)
[2014-04-21 10:37:30,139][INFO ][discovery                ] [Coachwhip] elasticsearch/29F3MZQTRGuZ5sWUFv00qg
[2014-04-21 10:37:30,193][INFO ][gateway                  ] [Coachwhip] recovered [0] indices into cluster_state
[2014-04-21 10:37:30,287][INFO ][org.eclipse.jetty.server.Server] [Coachwhip] jetty-8.1.14.v20131031
[2014-04-21 10:37:30,324][INFO ][org.eclipse.jetty.server.AbstractConnector] [Coachwhip] Started SelectChannelConnector@localhost:8080
[2014-04-21 10:37:30,324][INFO ][http                     ] [Coachwhip] bound_address {inet[/127.0.0.1:8080]}, publish_address {inet[localhost/127.0.0.1:8080]}
[2014-04-21 10:37:30,325][INFO ][node                     ] [Coachwhip] started
[2014-04-21 10:40:35,212][INFO ][node                     ] [Coachwhip] stopping ...
[2014-04-21 10:40:35,307][INFO ][node                     ] [Coachwhip] stopped
[2014-04-21 10:40:35,308][INFO ][node                     ] [Coachwhip] closing ...
[2014-04-21 10:40:35,313][INFO ][node                     ] [Coachwhip] closed
[2014-04-21 10:43:06,756][INFO ][node                     ] [Ryder] version[1.1.1], pid[17384], build[f1585f0/2014-04-16T14:27:12Z]
[2014-04-21 10:43:06,757][INFO ][node                     ] [Ryder] initializing ...
[2014-04-21 10:43:06,778][INFO ][plugins                  ] [Ryder] loaded [jetty], sites [bigdesk, HQ]
[2014-04-21 10:43:08,581][INFO ][node                     ] [Ryder] initialized
[2014-04-21 10:43:08,581][INFO ][node                     ] [Ryder] starting ...
[2014-04-21 10:43:08,655][INFO ][transport                ] [Ryder] bound_address {inet[/127.0.0.1:3307]}, publish_address {inet[/127.0.0.1:3307]}
[2014-04-21 10:43:11,676][INFO ][cluster.service          ] [Ryder] new_master [Ryder][ORFkhXLQQMKukV7MWWePAw][Obelix][inet[/127.0.0.1:3307]], reason: zen-disco-join (elected_as_master)
[2014-04-21 10:43:11,703][INFO ][discovery                ] [Ryder] elasticsearch/ORFkhXLQQMKukV7MWWePAw
[2014-04-21 10:43:11,760][INFO ][gateway                  ] [Ryder] recovered [0] indices into cluster_state
[2014-04-21 10:43:11,843][INFO ][org.eclipse.jetty.server.Server] [Ryder] jetty-8.1.14.v20131031
[2014-04-21 10:43:11,878][INFO ][org.eclipse.jetty.server.AbstractConnector] [Ryder] Started SelectChannelConnector@localhost:8080
[2014-04-21 10:43:11,878][INFO ][http                     ] [Ryder] bound_address {inet[/127.0.0.1:8080]}, publish_address {inet[localhost/127.0.0.1:8080]}
[2014-04-21 10:43:11,879][INFO ][node                     ] [Ryder] started
[2014-04-21 10:47:02,225][INFO ][node                     ] [Ryder] stopping ...
[2014-04-21 10:47:02,321][INFO ][node                     ] [Ryder] stopped
[2014-04-21 10:47:02,322][INFO ][node                     ] [Ryder] closing ...
[2014-04-21 10:47:02,326][INFO ][node                     ] [Ryder] closed
[2014-04-21 10:49:48,285][INFO ][node                     ] [Azazel] version[1.1.1], pid[18023], build[f1585f0/2014-04-16T14:27:12Z]
[2014-04-21 10:49:48,286][INFO ][node                     ] [Azazel] initializing ...
[2014-04-21 10:49:48,307][INFO ][plugins                  ] [Azazel] loaded [jetty], sites [bigdesk]
[2014-04-21 10:49:50,094][INFO ][node                     ] [Azazel] initialized
[2014-04-21 10:49:50,094][INFO ][node                     ] [Azazel] starting ...
[2014-04-21 10:49:50,171][INFO ][transport                ] [Azazel] bound_address {inet[/127.0.0.1:3307]}, publish_address {inet[/127.0.0.1:3307]}
[2014-04-21 10:49:53,192][INFO ][cluster.service          ] [Azazel] new_master [Azazel][hPP5IuGtR5WrBD1ULuuAlg][Obelix][inet[/127.0.0.1:3307]], reason: zen-disco-join (elected_as_master)
[2014-04-21 10:49:53,221][INFO ][discovery                ] [Azazel] elasticsearch/hPP5IuGtR5WrBD1ULuuAlg
[2014-04-21 10:49:53,281][INFO ][gateway                  ] [Azazel] recovered [0] indices into cluster_state
[2014-04-21 10:49:53,360][INFO ][org.eclipse.jetty.server.Server] [Azazel] jetty-8.1.14.v20131031
[2014-04-21 10:49:53,396][INFO ][org.eclipse.jetty.server.AbstractConnector] [Azazel] Started SelectChannelConnector@localhost:8080
[2014-04-21 10:49:53,396][INFO ][http                     ] [Azazel] bound_address {inet[/127.0.0.1:8080]}, publish_address {inet[localhost/127.0.0.1:8080]}
[2014-04-21 10:49:53,397][INFO ][node                     ] [Azazel] started
[2014-04-21 10:52:16,064][WARN ][repositories             ] [Azazel] failed to create repository [fs][my_backup]
org.elasticsearch.common.inject.CreationException: Guice creation errors:

1) Error injecting constructor, org.elasticsearch.common.blobstore.BlobStoreException: Failed to create directory at [/opt/es]
  at org.elasticsearch.repositories.fs.FsRepository.<init>(Unknown Source)
  while locating org.elasticsearch.repositories.fs.FsRepository
  while locating org.elasticsearch.repositories.Repository

1 error
	at org.elasticsearch.common.inject.internal.Errors.throwCreationExceptionIfErrorsExist(Errors.java:344)
	at org.elasticsearch.common.inject.InjectorBuilder.injectDynamically(InjectorBuilder.java:178)
	at org.elasticsearch.common.inject.InjectorBuilder.build(InjectorBuilder.java:110)
	at org.elasticsearch.common.inject.InjectorImpl.createChildInjector(InjectorImpl.java:131)
	at org.elasticsearch.common.inject.ModulesBuilder.createChildInjector(ModulesBuilder.java:69)
	at org.elasticsearch.repositories.RepositoriesService.createRepositoryHolder(RepositoriesService.java:384)
	at org.elasticsearch.repositories.RepositoriesService.registerRepository(RepositoriesService.java:345)
	at org.elasticsearch.repositories.RepositoriesService.access$100(RepositoriesService.java:55)
	at org.elasticsearch.repositories.RepositoriesService$1.execute(RepositoriesService.java:95)
	at org.elasticsearch.cluster.service.InternalClusterService$UpdateTask.run(InternalClusterService.java:309)
	at org.elasticsearch.common.util.concurrent.PrioritizedEsThreadPoolExecutor$TieBreakingPrioritizedRunnable.run(PrioritizedEsThreadPoolExecutor.java:134)
	at java.util.concurrent.ThreadPoolExecutor.runWorker(ThreadPoolExecutor.java:1145)
	at java.util.concurrent.ThreadPoolExecutor$Worker.run(ThreadPoolExecutor.java:615)
	at java.lang.Thread.run(Thread.java:744)
Caused by: org.elasticsearch.common.blobstore.BlobStoreException: Failed to create directory at [/opt/es]
	at org.elasticsearch.common.blobstore.fs.FsBlobStore.<init>(FsBlobStore.java:52)
	at org.elasticsearch.repositories.fs.FsRepository.<init>(FsRepository.java:83)
	at sun.reflect.NativeConstructorAccessorImpl.newInstance0(Native Method)
	at sun.reflect.NativeConstructorAccessorImpl.newInstance(NativeConstructorAccessorImpl.java:57)
	at sun.reflect.DelegatingConstructorAccessorImpl.newInstance(DelegatingConstructorAccessorImpl.java:45)
	at java.lang.reflect.Constructor.newInstance(Constructor.java:526)
	at org.elasticsearch.common.inject.DefaultConstructionProxyFactory$1.newInstance(DefaultConstructionProxyFactory.java:54)
	at org.elasticsearch.common.inject.ConstructorInjector.construct(ConstructorInjector.java:86)
	at org.elasticsearch.common.inject.ConstructorBindingImpl$Factory.get(ConstructorBindingImpl.java:98)
	at org.elasticsearch.common.inject.FactoryProxy.get(FactoryProxy.java:52)
	at org.elasticsearch.common.inject.ProviderToInternalFactoryAdapter$1.call(ProviderToInternalFactoryAdapter.java:45)
	at org.elasticsearch.common.inject.InjectorImpl.callInContext(InjectorImpl.java:837)
	at org.elasticsearch.common.inject.ProviderToInternalFactoryAdapter.get(ProviderToInternalFactoryAdapter.java:42)
	at org.elasticsearch.common.inject.Scopes$1$1.get(Scopes.java:57)
	at org.elasticsearch.common.inject.InternalFactoryToProviderAdapter.get(InternalFactoryToProviderAdapter.java:45)
	at org.elasticsearch.common.inject.InjectorBuilder$1.call(InjectorBuilder.java:200)
	at org.elasticsearch.common.inject.InjectorBuilder$1.call(InjectorBuilder.java:193)
	at org.elasticsearch.common.inject.InjectorImpl.callInContext(InjectorImpl.java:830)
	at org.elasticsearch.common.inject.InjectorBuilder.loadEagerSingletons(InjectorBuilder.java:193)
	at org.elasticsearch.common.inject.InjectorBuilder.injectDynamically(InjectorBuilder.java:175)
	... 12 more
[2014-04-21 10:52:16,067][WARN ][repositories             ] [Azazel] failed to create repository [my_backup]
org.elasticsearch.repositories.RepositoryException: [my_backup] failed to create repository
	at org.elasticsearch.repositories.RepositoriesService.createRepositoryHolder(RepositoriesService.java:394)
	at org.elasticsearch.repositories.RepositoriesService.registerRepository(RepositoriesService.java:345)
	at org.elasticsearch.repositories.RepositoriesService.access$100(RepositoriesService.java:55)
	at org.elasticsearch.repositories.RepositoriesService$1.execute(RepositoriesService.java:95)
	at org.elasticsearch.cluster.service.InternalClusterService$UpdateTask.run(InternalClusterService.java:309)
	at org.elasticsearch.common.util.concurrent.PrioritizedEsThreadPoolExecutor$TieBreakingPrioritizedRunnable.run(PrioritizedEsThreadPoolExecutor.java:134)
	at java.util.concurrent.ThreadPoolExecutor.runWorker(ThreadPoolExecutor.java:1145)
	at java.util.concurrent.ThreadPoolExecutor$Worker.run(ThreadPoolExecutor.java:615)
	at java.lang.Thread.run(Thread.java:744)
Caused by: org.elasticsearch.common.inject.CreationException: Guice creation errors:

1) Error injecting constructor, org.elasticsearch.common.blobstore.BlobStoreException: Failed to create directory at [/opt/es]
  at org.elasticsearch.repositories.fs.FsRepository.<init>(Unknown Source)
  while locating org.elasticsearch.repositories.fs.FsRepository
  while locating org.elasticsearch.repositories.Repository

1 error
	at org.elasticsearch.common.inject.internal.Errors.throwCreationExceptionIfErrorsExist(Errors.java:344)
	at org.elasticsearch.common.inject.InjectorBuilder.injectDynamically(InjectorBuilder.java:178)
	at org.elasticsearch.common.inject.InjectorBuilder.build(InjectorBuilder.java:110)
	at org.elasticsearch.common.inject.InjectorImpl.createChildInjector(InjectorImpl.java:131)
	at org.elasticsearch.common.inject.ModulesBuilder.createChildInjector(ModulesBuilder.java:69)
	at org.elasticsearch.repositories.RepositoriesService.createRepositoryHolder(RepositoriesService.java:384)
	... 8 more
Caused by: org.elasticsearch.common.blobstore.BlobStoreException: Failed to create directory at [/opt/es]
	at org.elasticsearch.common.blobstore.fs.FsBlobStore.<init>(FsBlobStore.java:52)
	at org.elasticsearch.repositories.fs.FsRepository.<init>(FsRepository.java:83)
	at sun.reflect.NativeConstructorAccessorImpl.newInstance0(Native Method)
	at sun.reflect.NativeConstructorAccessorImpl.newInstance(NativeConstructorAccessorImpl.java:57)
	at sun.reflect.DelegatingConstructorAccessorImpl.newInstance(DelegatingConstructorAccessorImpl.java:45)
	at java.lang.reflect.Constructor.newInstance(Constructor.java:526)
	at org.elasticsearch.common.inject.DefaultConstructionProxyFactory$1.newInstance(DefaultConstructionProxyFactory.java:54)
	at org.elasticsearch.common.inject.ConstructorInjector.construct(ConstructorInjector.java:86)
	at org.elasticsearch.common.inject.ConstructorBindingImpl$Factory.get(ConstructorBindingImpl.java:98)
	at org.elasticsearch.common.inject.FactoryProxy.get(FactoryProxy.java:52)
	at org.elasticsearch.common.inject.ProviderToInternalFactoryAdapter$1.call(ProviderToInternalFactoryAdapter.java:45)
	at org.elasticsearch.common.inject.InjectorImpl.callInContext(InjectorImpl.java:837)
	at org.elasticsearch.common.inject.ProviderToInternalFactoryAdapter.get(ProviderToInternalFactoryAdapter.java:42)
	at org.elasticsearch.common.inject.Scopes$1$1.get(Scopes.java:57)
	at org.elasticsearch.common.inject.InternalFactoryToProviderAdapter.get(InternalFactoryToProviderAdapter.java:45)
	at org.elasticsearch.common.inject.InjectorBuilder$1.call(InjectorBuilder.java:200)
	at org.elasticsearch.common.inject.InjectorBuilder$1.call(InjectorBuilder.java:193)
	at org.elasticsearch.common.inject.InjectorImpl.callInContext(InjectorImpl.java:830)
	at org.elasticsearch.common.inject.InjectorBuilder.loadEagerSingletons(InjectorBuilder.java:193)
	at org.elasticsearch.common.inject.InjectorBuilder.injectDynamically(InjectorBuilder.java:175)
	... 12 more
[2014-04-21 10:56:54,928][INFO ][repositories             ] [Azazel] put repository [my_backup]
[2014-04-21 11:02:01,738][INFO ][node                     ] [Azazel] stopping ...
[2014-04-21 11:02:01,831][INFO ][node                     ] [Azazel] stopped
[2014-04-21 11:02:01,831][INFO ][node                     ] [Azazel] closing ...
[2014-04-21 11:02:01,840][INFO ][node                     ] [Azazel] closed
